{
  "RSpec": {
    "coverage": {
      "/Users/williamlines/Projects/makersBnb/makersbnb-ruby-seed/spec/integration/app_spec.rb": {
        "lines": [
          1,
          1,
          1,
          1,
          null,
          null,
          1,
          1,
          null,
          29,
          null,
          1,
          28,
          28,
          28,
          null,
          null,
          1,
          28,
          null,
          null,
          1,
          1,
          1,
          null,
          null,
          1,
          1,
          1,
          null,
          1,
          1,
          null,
          1,
          1,
          1,
          1,
          1,
          null,
          null,
          null,
          1,
          1,
          1,
          1,
          1,
          null,
          null,
          null,
          1,
          1,
          1,
          1,
          1,
          null,
          null,
          null,
          1,
          1,
          1,
          null,
          1,
          null,
          null,
          1,
          1,
          1,
          null,
          1,
          1,
          null,
          null,
          1,
          1,
          1,
          null,
          1,
          null,
          null,
          null,
          null,
          null,
          1,
          1,
          1,
          1,
          null,
          null,
          1,
          1,
          1,
          1,
          null,
          null,
          null,
          null,
          1,
          1,
          1,
          1,
          1,
          1,
          1,
          null,
          null,
          1,
          1,
          1,
          1,
          null,
          null,
          1,
          1,
          1,
          null,
          1,
          1,
          null,
          null,
          1,
          1,
          1,
          null,
          1,
          1,
          null,
          null,
          1,
          1,
          1,
          null,
          1,
          1,
          null,
          null,
          null,
          1,
          1,
          1,
          1,
          null,
          null,
          1,
          1,
          1,
          1,
          1,
          1,
          1,
          null,
          null,
          null,
          1,
          1,
          1,
          1,
          null,
          null,
          1,
          1,
          1,
          1,
          1,
          1,
          1,
          null,
          null,
          null,
          1,
          1,
          1,
          1,
          null,
          null,
          1,
          1,
          1,
          1,
          1,
          null,
          1,
          1,
          null,
          null,
          null,
          1,
          null,
          null,
          null,
          null,
          1,
          1,
          1,
          1,
          null,
          null,
          null,
          1,
          1,
          1,
          1,
          1,
          null,
          null,
          null,
          null,
          1,
          1,
          1,
          1,
          1,
          1,
          1,
          null,
          null,
          null,
          null,
          1,
          1,
          1,
          1,
          1,
          1,
          null,
          null,
          1,
          1,
          1,
          1,
          1,
          1,
          null,
          null,
          1,
          1,
          1,
          1,
          1,
          null,
          null,
          null,
          1,
          1,
          1,
          1,
          1,
          1,
          1,
          null,
          null,
          1,
          1,
          1,
          1,
          1,
          1,
          1,
          null,
          null,
          null,
          null,
          null
        ]
      },
      "/Users/williamlines/Projects/makersBnb/makersbnb-ruby-seed/app.rb": {
        "lines": [
          1,
          1,
          1,
          1,
          1,
          1,
          1,
          1,
          1,
          1,
          1,
          1,
          null,
          1,
          null,
          1,
          1,
          1,
          null,
          null,
          1,
          null,
          null,
          1,
          3,
          2,
          null,
          1,
          null,
          null,
          null,
          1,
          2,
          null,
          null,
          1,
          2,
          null,
          null,
          1,
          2,
          null,
          null,
          1,
          1,
          1,
          1,
          1,
          null,
          1,
          1,
          1,
          1,
          1,
          0,
          null,
          null,
          1,
          1,
          1,
          1,
          1,
          1,
          1,
          1,
          1,
          1,
          1,
          null,
          1,
          null,
          0,
          null,
          null,
          1,
          14,
          14,
          13,
          13,
          13,
          13,
          13,
          null,
          1,
          1,
          null,
          null,
          null,
          1,
          1,
          1,
          null,
          null,
          1,
          2,
          null,
          null,
          1,
          1,
          null,
          null,
          1,
          3,
          3,
          null,
          3,
          null,
          3,
          3,
          3,
          null,
          3,
          null,
          3,
          null,
          3,
          null,
          null,
          1,
          1,
          1,
          null,
          1,
          null,
          null,
          null,
          null,
          null,
          null,
          null,
          1,
          5,
          5,
          5,
          null,
          5,
          28,
          3,
          3,
          null,
          null,
          null,
          5,
          2,
          2,
          2,
          3,
          1,
          1,
          1,
          null,
          2,
          2,
          2,
          2,
          2,
          null,
          2,
          null,
          null,
          null,
          1,
          1,
          1,
          1,
          1,
          null,
          1,
          null,
          null,
          1,
          5,
          5,
          5,
          5,
          null,
          null,
          1,
          3,
          3,
          2,
          2,
          null,
          1,
          1,
          null,
          3,
          3,
          null,
          null
        ]
      },
      "/Users/williamlines/Projects/makersBnb/makersbnb-ruby-seed/lib/listing.rb": {
        "lines": [
          1,
          1,
          null
        ]
      },
      "/Users/williamlines/Projects/makersBnb/makersbnb-ruby-seed/lib/listing_repository.rb": {
        "lines": [
          1,
          null,
          1,
          null,
          1,
          3,
          3,
          null,
          3,
          3,
          10,
          10,
          10,
          10,
          10,
          10,
          10,
          null,
          3,
          null,
          null,
          null,
          1,
          null,
          3,
          3,
          3,
          null,
          3,
          3,
          3,
          3,
          3,
          3,
          3,
          null,
          null,
          null,
          1,
          4,
          4,
          4,
          4,
          4,
          4,
          null,
          null,
          null
        ]
      },
      "/Users/williamlines/Projects/makersBnb/makersbnb-ruby-seed/lib/dates_list_repository.rb": {
        "lines": [
          null,
          null,
          1,
          1,
          null,
          null,
          1,
          1,
          4,
          4,
          4,
          null,
          4,
          129,
          null,
          null,
          null,
          1,
          5,
          5,
          null,
          5,
          null,
          5,
          5,
          5,
          5,
          5,
          5,
          null,
          5,
          null,
          null,
          1,
          4,
          4,
          null,
          null,
          1,
          8,
          8,
          null,
          8,
          8,
          76,
          76,
          76,
          76,
          76,
          76,
          null,
          76,
          null,
          8,
          null,
          null,
          1,
          2,
          2,
          54,
          2,
          null,
          null,
          null,
          1,
          4,
          4,
          null,
          null,
          1,
          5,
          5,
          null,
          null,
          null,
          null,
          null
        ]
      },
      "/Users/williamlines/Projects/makersBnb/makersbnb-ruby-seed/lib/requests_repository.rb": {
        "lines": [
          1,
          null,
          1,
          null,
          null,
          1,
          1,
          2,
          2,
          null,
          2,
          2,
          22,
          22,
          22,
          null,
          22,
          null,
          2,
          null,
          null,
          1,
          3,
          3,
          3,
          null,
          null,
          1,
          6,
          6,
          null,
          null,
          1,
          null,
          6,
          null,
          null,
          null,
          null,
          null,
          null,
          6,
          null,
          6,
          null,
          null,
          6,
          6,
          6,
          null,
          null
        ]
      },
      "/Users/williamlines/Projects/makersBnb/makersbnb-ruby-seed/lib/user_repository.rb": {
        "lines": [
          1,
          1,
          null,
          null,
          1,
          1,
          2,
          2,
          2,
          null,
          null,
          null,
          null,
          1,
          4,
          4,
          null,
          null,
          1,
          16,
          16,
          16,
          16,
          16,
          16,
          16,
          16,
          null,
          null,
          null
        ]
      },
      "/Users/williamlines/Projects/makersBnb/makersbnb-ruby-seed/spec/unit/dates_list_repository_spec.rb": {
        "lines": [
          1,
          null,
          1,
          1,
          7,
          7,
          7,
          null,
          null,
          null,
          1,
          7,
          null,
          null,
          8,
          null,
          1,
          1,
          1,
          null,
          null,
          1,
          1,
          null,
          null,
          1,
          1,
          null,
          null,
          null,
          1,
          1,
          1,
          null,
          null,
          1,
          1,
          1,
          null,
          null,
          1,
          1,
          null,
          null,
          1,
          1,
          1,
          null,
          null
        ]
      },
      "/Users/williamlines/Projects/makersBnb/makersbnb-ruby-seed/spec/unit/listing_repository_spec.rb": {
        "lines": [
          1,
          1,
          null,
          1,
          3,
          3,
          3,
          null,
          null,
          1,
          1,
          3,
          null,
          null,
          1,
          1,
          1,
          1,
          null,
          1,
          1,
          1,
          1,
          1,
          null,
          null,
          null,
          1,
          1,
          1,
          1,
          null,
          1,
          1,
          1,
          1,
          null,
          null,
          null,
          1,
          1,
          1,
          null,
          1,
          1,
          1,
          1,
          null,
          1,
          1,
          null,
          1,
          1,
          null,
          null,
          null,
          null,
          null,
          null,
          null
        ]
      },
      "/Users/williamlines/Projects/makersBnb/makersbnb-ruby-seed/spec/unit/requests_repository_spec.rb": {
        "lines": [
          1,
          null,
          1,
          null,
          1,
          3,
          3,
          3,
          null,
          null,
          1,
          3,
          null,
          null,
          3,
          null,
          1,
          1,
          1,
          1,
          null,
          1,
          1,
          null,
          1,
          1,
          null,
          null,
          null,
          null,
          1,
          1,
          1,
          1,
          1,
          null,
          null,
          1,
          1,
          1,
          1,
          1,
          null,
          null,
          null,
          null
        ]
      },
      "/Users/williamlines/Projects/makersBnb/makersbnb-ruby-seed/spec/unit/user_repository_spec.rb": {
        "lines": [
          1,
          null,
          1,
          1,
          3,
          3,
          3,
          null,
          null,
          null,
          1,
          3,
          null,
          null,
          4,
          null,
          1,
          1,
          1,
          null,
          null,
          1,
          1,
          1,
          1,
          1,
          1,
          1,
          null,
          null,
          1,
          1,
          1,
          null,
          null,
          null
        ]
      }
    },
    "timestamp": 1668101061
  }
}
